<?xml version="1.0" encoding="UTF-8"?>
<testng-results ignored="0" total="1" passed="1" failed="0" skipped="0">
  <reporter-output>
  </reporter-output>
  <suite started-at="2025-03-15T14:28:19 WIB" name="Surefire suite" finished-at="2025-03-15T14:28:39 WIB" duration-ms="20401">
    <groups>
    </groups>
    <test started-at="2025-03-15T14:28:19 WIB" name="Surefire test" finished-at="2025-03-15T14:28:39 WIB" duration-ms="20401">
      <class name="automation.StandAloneTesNGImplTest">
        <test-method is-config="true" signature="setUp()[pri:0, instance:automation.StandAloneTesNGImplTest@77e9807f]" started-at="2025-03-15T14:28:19 WIB" name="setUp" finished-at="2025-03-15T14:28:32 WIB" duration-ms="13114" status="PASS">
          <reporter-output>
          </reporter-output>
        </test-method> <!-- setUp -->
        <test-method signature="createOrder(java.util.HashMap)[pri:0, instance:automation.StandAloneTesNGImplTest@77e9807f]" started-at="2025-03-15T14:28:32 WIB" name="createOrder" data-provider="dataTestMapping" finished-at="2025-03-15T14:28:39 WIB" duration-ms="6484" status="PASS">
          <params>
            <param index="0">
              <value>
                <![CDATA[{password=XBf@rWNvByn!#K8, userEmail=simanjuntakalbert57@gmail.com, productName=ZARA COAT 3}]]>
              </value>
            </param>
          </params>
          <reporter-output>
          </reporter-output>
        </test-method> <!-- createOrder -->
        <test-method is-config="true" signature="tearDown()[pri:0, instance:automation.StandAloneTesNGImplTest@77e9807f]" started-at="2025-03-15T14:28:39 WIB" name="tearDown" finished-at="2025-03-15T14:28:39 WIB" duration-ms="616" status="PASS">
          <reporter-output>
          </reporter-output>
        </test-method> <!-- tearDown -->
      </class> <!-- automation.StandAloneTesNGImplTest -->
    </test> <!-- Surefire test -->
  </suite> <!-- Surefire suite -->
</testng-results>
